-- The C compiler identification is GNU 14.2.0
-- The CXX compiler identification is GNU 14.2.0
-- Detecting C compiler ABI info
-- Detecting C compiler ABI info - done
-- Check for working C compiler: /usr/bin/cc - skipped
-- Detecting C compile features
-- Detecting C compile features - done
-- Detecting CXX compiler ABI info
-- Detecting CXX compiler ABI info - done
-- Check for working CXX compiler: /usr/bin/c++ - skipped
-- Detecting CXX compile features
-- Detecting CXX compile features - done
-- Found ament_cmake: 2.0.7 (/home/robotics/ros2_iron/install/ament_cmake/share/ament_cmake/cmake)
-- Found Python3: /usr/local/bin/python3.10 (found version "3.10.12") found components: Interpreter
-- Found rclcpp: 21.0.8 (/home/robotics/ros2_iron/install/rclcpp/share/rclcpp/cmake)
-- Found rosidl_generator_c: 4.0.1 (/home/robotics/ros2_iron/install/rosidl_generator_c/share/rosidl_generator_c/cmake)
-- Found rosidl_generator_cpp: 4.0.1 (/home/robotics/ros2_iron/install/rosidl_generator_cpp/share/rosidl_generator_cpp/cmake)
-- Using all available rosidl_typesupport_c: rosidl_typesupport_introspection_c;rosidl_typesupport_fastrtps_c
-- Using all available rosidl_typesupport_cpp: rosidl_typesupport_introspection_cpp;rosidl_typesupport_fastrtps_cpp
-- Found rmw_implementation_cmake: 7.1.0 (/home/robotics/ros2_iron/install/rmw_implementation_cmake/share/rmw_implementation_cmake/cmake)
-- Found rmw_fastrtps_cpp: 7.1.4 (/home/robotics/ros2_iron/install/rmw_fastrtps_cpp/share/rmw_fastrtps_cpp/cmake)
-- Found OpenSSL: /usr/lib/aarch64-linux-gnu/libcrypto.so (found version "3.3.1")
-- Found FastRTPS: /home/robotics/ros2_iron/install/fastrtps/include
-- Using RMW implementation 'rmw_fastrtps_cpp' as default
-- Found geometry_msgs: 5.0.1 (/home/robotics/ros2_iron/install/geometry_msgs/share/geometry_msgs/cmake)
-- Found nav_msgs: 5.0.1 (/home/robotics/ros2_iron/install/nav_msgs/share/nav_msgs/cmake)
-- Found tf2: 0.31.8 (/home/robotics/ros2_iron/install/tf2/share/tf2/cmake)
-- Found ament_lint_auto: 0.14.4 (/home/robotics/ros2_iron/install/ament_lint_auto/share/ament_lint_auto/cmake)
-- Added test 'cppcheck' to perform static code analysis on C / C++ code
-- Configured cppcheck include dirs: 
-- Configured cppcheck exclude dirs and/or files: 
-- Added test 'lint_cmake' to check CMake code style
-- Added test 'uncrustify' to check C / C++ code style
-- Configured uncrustify additional arguments: 
-- Added test 'xmllint' to check XML markup files
-- Configuring done (9.1s)
-- Generating done (0.0s)
-- Build files have been written to: /home/robotics/capstone_project/robot_driver/build/robot_driver
[ 50%] [32mBuilding CXX object CMakeFiles/drive.dir/src/drive.cpp.o[0m
[100%] [32m[1mLinking CXX executable drive[0m
[100%] Built target drive
-- Install configuration: ""
-- Installing: /home/robotics/capstone_project/robot_driver/install/robot_driver/lib/robot_driver/drive
-- Set non-toolchain portion of runtime path of "/home/robotics/capstone_project/robot_driver/install/robot_driver/lib/robot_driver/drive" to ""
-- Installing: /home/robotics/capstone_project/robot_driver/install/robot_driver/share/ament_index/resource_index/package_run_dependencies/robot_driver
-- Installing: /home/robotics/capstone_project/robot_driver/install/robot_driver/share/ament_index/resource_index/parent_prefix_path/robot_driver
-- Installing: /home/robotics/capstone_project/robot_driver/install/robot_driver/share/robot_driver/environment/ament_prefix_path.sh
-- Installing: /home/robotics/capstone_project/robot_driver/install/robot_driver/share/robot_driver/environment/ament_prefix_path.dsv
-- Installing: /home/robotics/capstone_project/robot_driver/install/robot_driver/share/robot_driver/environment/path.sh
-- Installing: /home/robotics/capstone_project/robot_driver/install/robot_driver/share/robot_driver/environment/path.dsv
-- Installing: /home/robotics/capstone_project/robot_driver/install/robot_driver/share/robot_driver/local_setup.bash
-- Installing: /home/robotics/capstone_project/robot_driver/install/robot_driver/share/robot_driver/local_setup.sh
-- Installing: /home/robotics/capstone_project/robot_driver/install/robot_driver/share/robot_driver/local_setup.zsh
-- Installing: /home/robotics/capstone_project/robot_driver/install/robot_driver/share/robot_driver/local_setup.dsv
-- Installing: /home/robotics/capstone_project/robot_driver/install/robot_driver/share/robot_driver/package.dsv
-- Installing: /home/robotics/capstone_project/robot_driver/install/robot_driver/share/ament_index/resource_index/packages/robot_driver
-- Installing: /home/robotics/capstone_project/robot_driver/install/robot_driver/share/robot_driver/cmake/robot_driverConfig.cmake
-- Installing: /home/robotics/capstone_project/robot_driver/install/robot_driver/share/robot_driver/cmake/robot_driverConfig-version.cmake
-- Installing: /home/robotics/capstone_project/robot_driver/install/robot_driver/share/robot_driver/package.xml
